
<html>
  <head>
    <title>Lab 07 - Graded Solution</title>
  </head>
  <body>
    <h1>Lab 07 - Graded Solution</h1>
    <p><b>You scored 0% = 0.0 points for this lab.</b></p>
    <ul>
      <li><b>test_insert</b>
      <ul>
      <li>Grade Percentage: 20</li>
      <li>Your solution failed this test case! taking 0.088 sec</Li>
<li><pre>AttributeError: module has no attribute 'ExtensibleHashTable'</pre></li>
<li><pre>Traceback (most recent call last):
  File "/Users/lord_pretzel/.pyenv/versions/3.9.0/lib/python3.9/site-packages/grader-0.0.1-py3.9.egg/grader/execution_base.py", line 60, in call_test_function
    test_function(
  File "/Users/lord_pretzel/.pyenv/versions/3.9.0/lib/python3.9/site-packages/grader-0.0.1-py3.9.egg/grader/core.py", line 48, in wrapper
    result = test_function(module, *args, **kwargs)
  File "/var/folders/f7/xnz8v_b13td37s3k4w8t5j2h0000gn/T/tmpoj8dvbq4/lab07-test.py", line 8, in test_insert
    h = m.module.ExtensibleHashTable(n_buckets=100000)
AttributeError: module has no attribute 'ExtensibleHashTable'
</pre></li>
      </ul>
      </li>
      <li><b>test_getitem</b>
      <ul>
      <li>Grade Percentage: 10</li>
      <li>Your solution failed this test case! taking 0.085 sec</Li>
<li><pre>AttributeError: module has no attribute 'ExtensibleHashTable'</pre></li>
<li><pre>Traceback (most recent call last):
  File "/Users/lord_pretzel/.pyenv/versions/3.9.0/lib/python3.9/site-packages/grader-0.0.1-py3.9.egg/grader/execution_base.py", line 60, in call_test_function
    test_function(
  File "/Users/lord_pretzel/.pyenv/versions/3.9.0/lib/python3.9/site-packages/grader-0.0.1-py3.9.egg/grader/core.py", line 48, in wrapper
    result = test_function(module, *args, **kwargs)
  File "/var/folders/f7/xnz8v_b13td37s3k4w8t5j2h0000gn/T/tmpopdc_cxf/lab07-test.py", line 30, in test_getitem
    h = m.module.ExtensibleHashTable()
AttributeError: module has no attribute 'ExtensibleHashTable'
</pre></li>
      </ul>
      </li>
      <li><b>test_iteration</b>
      <ul>
      <li>Grade Percentage: 10</li>
      <li>Your solution failed this test case! taking 0.096 sec</Li>
<li><pre>AttributeError: module has no attribute 'ExtensibleHashTable'</pre></li>
<li><pre>Traceback (most recent call last):
  File "/Users/lord_pretzel/.pyenv/versions/3.9.0/lib/python3.9/site-packages/grader-0.0.1-py3.9.egg/grader/execution_base.py", line 60, in call_test_function
    test_function(
  File "/Users/lord_pretzel/.pyenv/versions/3.9.0/lib/python3.9/site-packages/grader-0.0.1-py3.9.egg/grader/core.py", line 48, in wrapper
    result = test_function(module, *args, **kwargs)
  File "/var/folders/f7/xnz8v_b13td37s3k4w8t5j2h0000gn/T/tmpn5977o_y/lab07-test.py", line 43, in test_iteration
    h = m.module.ExtensibleHashTable(n_buckets=100)
AttributeError: module has no attribute 'ExtensibleHashTable'
</pre></li>
      </ul>
      </li>
      <li><b>test_modification</b>
      <ul>
      <li>Grade Percentage: 20</li>
      <li>Your solution failed this test case! taking 0.088 sec</Li>
<li><pre>AttributeError: module has no attribute 'ExtensibleHashTable'</pre></li>
<li><pre>Traceback (most recent call last):
  File "/Users/lord_pretzel/.pyenv/versions/3.9.0/lib/python3.9/site-packages/grader-0.0.1-py3.9.egg/grader/execution_base.py", line 60, in call_test_function
    test_function(
  File "/Users/lord_pretzel/.pyenv/versions/3.9.0/lib/python3.9/site-packages/grader-0.0.1-py3.9.egg/grader/core.py", line 48, in wrapper
    result = test_function(module, *args, **kwargs)
  File "/var/folders/f7/xnz8v_b13td37s3k4w8t5j2h0000gn/T/tmpm1v1dq8_/lab07-test.py", line 62, in test_modification
    h = m.module.ExtensibleHashTable()
AttributeError: module has no attribute 'ExtensibleHashTable'
</pre></li>
      </ul>
      </li>
      <li><b>test_extension</b>
      <ul>
      <li>Grade Percentage: 20</li>
      <li>Your solution failed this test case! taking 0.088 sec</Li>
<li><pre>AttributeError: module has no attribute 'ExtensibleHashTable'</pre></li>
<li><pre>Traceback (most recent call last):
  File "/Users/lord_pretzel/.pyenv/versions/3.9.0/lib/python3.9/site-packages/grader-0.0.1-py3.9.egg/grader/execution_base.py", line 60, in call_test_function
    test_function(
  File "/Users/lord_pretzel/.pyenv/versions/3.9.0/lib/python3.9/site-packages/grader-0.0.1-py3.9.egg/grader/core.py", line 48, in wrapper
    result = test_function(module, *args, **kwargs)
  File "/var/folders/f7/xnz8v_b13td37s3k4w8t5j2h0000gn/T/tmpu9nkmssa/lab07-test.py", line 80, in test_extension
    h = m.module.ExtensibleHashTable(n_buckets=100,fillfactor=0.5)
AttributeError: module has no attribute 'ExtensibleHashTable'
</pre></li>
      </ul>
      </li>
      <li><b>test_deletion</b>
      <ul>
      <li>Grade Percentage: 20</li>
      <li>Your solution failed this test case! taking 0.089 sec</Li>
<li><pre>AttributeError: module has no attribute 'ExtensibleHashTable'</pre></li>
<li><pre>Traceback (most recent call last):
  File "/Users/lord_pretzel/.pyenv/versions/3.9.0/lib/python3.9/site-packages/grader-0.0.1-py3.9.egg/grader/execution_base.py", line 60, in call_test_function
    test_function(
  File "/Users/lord_pretzel/.pyenv/versions/3.9.0/lib/python3.9/site-packages/grader-0.0.1-py3.9.egg/grader/core.py", line 48, in wrapper
    result = test_function(module, *args, **kwargs)
  File "/var/folders/f7/xnz8v_b13td37s3k4w8t5j2h0000gn/T/tmpkl8e31w2/lab07-test.py", line 96, in test_deletion
    h = m.module.ExtensibleHashTable(n_buckets=100000)
AttributeError: module has no attribute 'ExtensibleHashTable'
</pre></li>
      </ul>
      </li>
    </ul>
  </body>
</html>
